<?xml version="1.0" encoding="UTF-8"?>
<!-- Generated by org.testng.reporters.JUnitReportReporter -->
<testsuite skipped="0" hostname="ITEM-s72590" name="prRequisition.Galitt" tests="1" failures="0" timestamp="11 Jan 2022 09:03:01 GMT" time="61.179" errors="0">
  <testcase name="sbs" time="61.179" classname="prRequisition.Galitt"/>
</testsuite> <!-- prRequisition.Galitt -->
