<?xml version="1.0" encoding="UTF-8"?>
<!-- Generated by org.testng.reporters.JUnitReportReporter -->
<testsuite skipped="0" hostname="ITEM-s72590" name="invoice.Sbs" tests="1" failures="0" timestamp="19 Jan 2022 16:22:16 GMT" time="44.124" errors="0">
  <testcase name="sbs" time="44.124" classname="invoice.Sbs"/>
</testsuite> <!-- invoice.Sbs -->
