<?xml version="1.0" encoding="UTF-8"?>
<!-- Generated by org.testng.reporters.JUnitReportReporter -->
<testsuite skipped="0" hostname="ITEM-s72590" name="prRequisition.Sbs" tests="1" failures="0" timestamp="16 Mar 2022 06:36:27 GMT" time="540.854" errors="0">
  <testcase name="sbs" time="540.854" classname="prRequisition.Sbs"/>
</testsuite> <!-- prRequisition.Sbs -->
