<?xml version="1.0" encoding="UTF-8"?>
<!-- Generated by org.testng.reporters.JUnitReportReporter -->
<testsuite skipped="0" hostname="ITEM-s72590" name="invoice.Sbs" tests="1" failures="0" timestamp="25 Feb 2022 09:56:54 GMT" time="47.109" errors="0">
  <testcase name="sbs" time="47.109" classname="invoice.Sbs"/>
</testsuite> <!-- invoice.Sbs -->
