<?xml version="1.0" encoding="UTF-8"?>
<!-- Generated by org.testng.reporters.JUnitReportReporter -->
<testsuite skipped="0" hostname="ITEM-s72590" name="prRequisition.France" tests="1" failures="0" timestamp="17 Jan 2022 17:27:53 GMT" time="165.427" errors="0">
  <testcase name="sbs" time="165.427" classname="prRequisition.France"/>
</testsuite> <!-- prRequisition.France -->
