<?xml version="1.0" encoding="UTF-8"?>
<!-- Generated by org.testng.reporters.JUnitReportReporter -->
<testsuite skipped="0" hostname="ITEM-s72590" name="prRequisition.Beleux" tests="1" failures="0" timestamp="13 Jan 2022 14:54:46 GMT" time="216.457" errors="0">
  <testcase name="sbs" time="216.457" classname="prRequisition.Beleux"/>
</testsuite> <!-- prRequisition.Beleux -->
