<?xml version="1.0" encoding="UTF-8"?>
<!-- Generated by org.testng.reporters.JUnitReportReporter -->
<testsuite skipped="0" hostname="ITEM-s72590" name="prRequisition.SbsPr" tests="1" failures="0" timestamp="25 Dec 2021 09:53:14 GMT" time="6.135" errors="0">
  <testcase name="sbs" time="6.135" classname="prRequisition.SbsPr"/>
</testsuite> <!-- prRequisition.SbsPr -->
