<?xml version="1.0" encoding="UTF-8"?>
<!-- Generated by org.testng.reporters.JUnitReportReporter -->
<testsuite skipped="0" hostname="ITEM-s72590" name="prRequisition.Sbs" tests="1" failures="0" timestamp="19 Jan 2022 17:33:27 GMT" time="141.638" errors="0">
  <testcase name="sbs" time="141.638" classname="prRequisition.Sbs"/>
</testsuite> <!-- prRequisition.Sbs -->
