<?xml version="1.0" encoding="UTF-8"?>
<!-- Generated by org.testng.reporters.JUnitReportReporter -->
<testsuite skipped="0" hostname="ITEM-s72590" name="prRequisition.Sbs" tests="1" failures="0" timestamp="08 Jan 2022 14:41:48 GMT" time="163.502" errors="0">
  <testcase name="sbs" time="163.502" classname="prRequisition.Sbs"/>
</testsuite> <!-- prRequisition.Sbs -->
