<?xml version="1.0" encoding="UTF-8"?>
<!-- Generated by org.testng.reporters.JUnitReportReporter -->
<testsuite skipped="0" hostname="ITEM-s72590" name="prRequisition.Spain" tests="1" failures="0" timestamp="16 Jan 2022 08:37:06 GMT" time="95.868" errors="0">
  <testcase name="sbs" time="95.868" classname="prRequisition.Spain"/>
</testsuite> <!-- prRequisition.Spain -->
