<?xml version="1.0" encoding="UTF-8"?>
<!-- Generated by org.testng.reporters.JUnitReportReporter -->
<testsuite skipped="0" hostname="ITEM-s72590" name="prRequisition.Sbs" tests="1" failures="0" timestamp="17 Mar 2022 05:45:57 GMT" time="284.308" errors="0">
  <testcase name="sbs" time="284.308" classname="prRequisition.Sbs"/>
</testsuite> <!-- prRequisition.Sbs -->
