<?xml version="1.0" encoding="UTF-8"?>
<!-- Generated by org.testng.reporters.JUnitReportReporter -->
<testsuite skipped="0" hostname="ITEM-s72590" name="prRequisition.Sbs" tests="1" failures="0" timestamp="05 Apr 2022 02:41:50 GMT" time="72.609" errors="0">
  <testcase name="sbs" time="72.609" classname="prRequisition.Sbs"/>
</testsuite> <!-- prRequisition.Sbs -->
