<?xml version="1.0" encoding="UTF-8"?>
<!-- Generated by org.testng.reporters.JUnitReportReporter -->
<testsuite skipped="0" hostname="ITEM-s72590" name="prRequisition.Sbs" tests="1" failures="0" timestamp="08 Mar 2022 18:37:45 GMT" time="351.516" errors="0">
  <testcase name="sbs" time="351.516" classname="prRequisition.Sbs"/>
</testsuite> <!-- prRequisition.Sbs -->
