<?xml version="1.0" encoding="UTF-8"?>
<!-- Generated by org.testng.reporters.JUnitReportReporter -->
<testsuite skipped="0" hostname="ITEM-s72590" name="prRequisition.Sbs" tests="1" failures="0" timestamp="14 Mar 2022 08:54:02 GMT" time="468.843" errors="0">
  <testcase name="sbs" time="468.843" classname="prRequisition.Sbs"/>
</testsuite> <!-- prRequisition.Sbs -->
